<?xml version="1.0" encoding="UTF-8"?>
<!-- Generated by org.testng.reporters.JUnitReportReporter -->
<testsuite hostname="RK" failures="0" tests="1" name="PACK1.Login" time="10.388" errors="0" timestamp="2023-08-25T12:54:26 IST" skipped="0">
  <testcase classname="PACK1.Login" name="launch_app" time="10.388"/>
  <system-out/>
</testsuite> <!-- PACK1.Login -->
